<html>
<head>
<title>TestNG:  Test</title>
<link href="../testng.css" rel="stylesheet" type="text/css" />
<link href="../my-testng.css" rel="stylesheet" type="text/css" />

<style type="text/css">
.log { display: none;} 
.stack-trace { display: none;} 
</style>
<script type="text/javascript">
<!--
function flip(e) {
  current = e.style.display;
  if (current == 'block') {
    e.style.display = 'none';
    return 0;
  }
  else {
    e.style.display = 'block';
    return 1;
  }
}

function toggleBox(szDivId, elem, msg1, msg2)
{
  var res = -1;  if (document.getElementById) {
    res = flip(document.getElementById(szDivId));
  }
  else if (document.all) {
    // this is the way old msie versions work
    res = flip(document.all[szDivId]);
  }
  if(elem) {
    if(res == 0) elem.innerHTML = msg1; else elem.innerHTML = msg2;
  }

}

function toggleAllBoxes() {
  if (document.getElementsByTagName) {
    d = document.getElementsByTagName('div');
    for (i = 0; i < d.length; i++) {
      if (d[i].className == 'log') {
        flip(d[i]);
      }
    }
  }
}

// -->
</script>

</head>
<body>
<h2 align='center'>Test</h2><table border='1' align="center">
<tr>
<td>Tests passed/Failed/Skipped:</td><td>9/1/1</td>
</tr><tr>
<td>Started on:</td><td>Thu Feb 15 15:54:51 IST 2024</td>
</tr>
<tr><td>Total time:</td><td>356 seconds (356282 ms)</td>
</tr><tr>
<td>Included groups:</td><td></td>
</tr><tr>
<td>Excluded groups:</td><td></td>
</tr>
</table><p/>
<small><i>(Hover the method name to see the test class name)</i></small><p/>
<table width='100%' border='1' class='invocation-failed'>
<tr><td colspan='4' align='center'><b>FAILED TESTS</b></td></tr>
<tr><td><b>Test method</b></td>
<td><b>Attribute(s)</b></td>
<td width="30%"><b>Exception</b></td>
<td width="10%"><b>Time (seconds)</b></td>
<td><b>Instance</b></td>
</tr>
<tr>
<td title='testCase.TC_001_SearchingCardiologiests.SearchingCardiologiests()'><b>SearchingCardiologiests</b><br>Test class: testCase.TC_001_SearchingCardiologiests</td>
<td><div><pre>java.lang.AssertionError: An exception occurred in Searching Cardiologiests test: no such element: Unable to locate element: {&quot;method&quot;:&quot;xpath&quot;,&quot;selector&quot;:&quot;(//div[@data-qa-id=&apos;omni-suggestion-city&apos;])[1]&quot;}
  (Session info: MicrosoftEdge=121.0.2277.112)
For documentation on this error, please visit: https://www.selenium.dev/documentation/webdriver/troubleshooting/errors#no-such-element-exception
Build info: version: &apos;4.17.0&apos;, revision: &apos;e52b1be057*&apos;
System info: os.name: &apos;Windows 11&apos;, os.arch: &apos;amd64&apos;, os.version: &apos;10.0&apos;, java.version: &apos;17.0.10&apos;
Driver info: org.openqa.selenium.edge.EdgeDriver
Command: [c5ed301259c0f6c0e27e1bf47e6bbdec, findElement {using=xpath, value=(//div[@data-qa-id=&apos;omni-suggestion-city&apos;])[1]}]
Capabilities {acceptInsecureCerts: false, browserName: MicrosoftEdge, browserVersion: 121.0.2277.112, fedcm:accounts: true, ms:edgeOptions: {debuggerAddress: localhost:51930}, msedge: {msedgedriverVersion: 121.0.2277.112 (c44bb51ada3..., userDataDir: C:\Windows\SystemTemp\scope...}, networkConnectionEnabled: false, pageLoadStrategy: normal, platformName: windows, proxy: Proxy(), se:cdp: ws://localhost:51930/devtoo..., se:cdpVersion: 121.0.2277.112, setWindowRect: true, strictFileInteractability: false, timeouts: {implicit: 0, pageLoad: 300000, script: 30000}, unhandledPromptBehavior: dismiss and notify, webauthn:extension:credBlob: true, webauthn:extension:largeBlob: true, webauthn:extension:minPinLength: true, webauthn:extension:prf: true, webauthn:virtualAuthenticators: true}
Session ID: c5ed301259c0f6c0e27e1bf47e6bbdec
	at testCase.TC_001_SearchingCardiologiests.SearchingCardiologiests(TC_001_SearchingCardiologiests.java:58)
	at java.base/java.util.ArrayList.forEach(ArrayList.java:1511)
... Removed 28 stack frames</pre></div><a href='#' onClick='toggleBox("stack-trace1731795367", this, "Click to show all stack frames", "Click to hide stack frames")'>Click to show all stack frames</a>
<div class='stack-trace' id='stack-trace1731795367'><pre>java.lang.AssertionError: An exception occurred in Searching Cardiologiests test: no such element: Unable to locate element: {&quot;method&quot;:&quot;xpath&quot;,&quot;selector&quot;:&quot;(//div[@data-qa-id=&apos;omni-suggestion-city&apos;])[1]&quot;}
  (Session info: MicrosoftEdge=121.0.2277.112)
For documentation on this error, please visit: https://www.selenium.dev/documentation/webdriver/troubleshooting/errors#no-such-element-exception
Build info: version: &apos;4.17.0&apos;, revision: &apos;e52b1be057*&apos;
System info: os.name: &apos;Windows 11&apos;, os.arch: &apos;amd64&apos;, os.version: &apos;10.0&apos;, java.version: &apos;17.0.10&apos;
Driver info: org.openqa.selenium.edge.EdgeDriver
Command: [c5ed301259c0f6c0e27e1bf47e6bbdec, findElement {using=xpath, value=(//div[@data-qa-id=&apos;omni-suggestion-city&apos;])[1]}]
Capabilities {acceptInsecureCerts: false, browserName: MicrosoftEdge, browserVersion: 121.0.2277.112, fedcm:accounts: true, ms:edgeOptions: {debuggerAddress: localhost:51930}, msedge: {msedgedriverVersion: 121.0.2277.112 (c44bb51ada3..., userDataDir: C:\Windows\SystemTemp\scope...}, networkConnectionEnabled: false, pageLoadStrategy: normal, platformName: windows, proxy: Proxy(), se:cdp: ws://localhost:51930/devtoo..., se:cdpVersion: 121.0.2277.112, setWindowRect: true, strictFileInteractability: false, timeouts: {implicit: 0, pageLoad: 300000, script: 30000}, unhandledPromptBehavior: dismiss and notify, webauthn:extension:credBlob: true, webauthn:extension:largeBlob: true, webauthn:extension:minPinLength: true, webauthn:extension:prf: true, webauthn:virtualAuthenticators: true}
Session ID: c5ed301259c0f6c0e27e1bf47e6bbdec
	at org.testng.Assert.fail(Assert.java:111)
	at testCase.TC_001_SearchingCardiologiests.SearchingCardiologiests(TC_001_SearchingCardiologiests.java:58)
	at java.base/jdk.internal.reflect.NativeMethodAccessorImpl.invoke0(Native Method)
	at java.base/jdk.internal.reflect.NativeMethodAccessorImpl.invoke(NativeMethodAccessorImpl.java:77)
	at java.base/jdk.internal.reflect.DelegatingMethodAccessorImpl.invoke(DelegatingMethodAccessorImpl.java:43)
	at java.base/java.lang.reflect.Method.invoke(Method.java:568)
	at org.testng.internal.invokers.MethodInvocationHelper.invokeMethod(MethodInvocationHelper.java:139)
	at org.testng.internal.invokers.TestInvoker.invokeMethod(TestInvoker.java:664)
	at org.testng.internal.invokers.TestInvoker.invokeTestMethod(TestInvoker.java:227)
	at org.testng.internal.invokers.MethodRunner.runInSequence(MethodRunner.java:50)
	at org.testng.internal.invokers.TestInvoker$MethodInvocationAgent.invoke(TestInvoker.java:957)
	at org.testng.internal.invokers.TestInvoker.invokeTestMethods(TestInvoker.java:200)
	at org.testng.internal.invokers.TestMethodWorker.invokeTestMethods(TestMethodWorker.java:148)
	at org.testng.internal.invokers.TestMethodWorker.run(TestMethodWorker.java:128)
	at java.base/java.util.ArrayList.forEach(ArrayList.java:1511)
	at org.testng.TestRunner.privateRun(TestRunner.java:848)
	at org.testng.TestRunner.run(TestRunner.java:621)
	at org.testng.SuiteRunner.runTest(SuiteRunner.java:443)
	at org.testng.SuiteRunner.runSequentially(SuiteRunner.java:437)
	at org.testng.SuiteRunner.privateRun(SuiteRunner.java:397)
	at org.testng.SuiteRunner.run(SuiteRunner.java:336)
	at org.testng.SuiteRunnerWorker.runSuite(SuiteRunnerWorker.java:52)
	at org.testng.SuiteRunnerWorker.run(SuiteRunnerWorker.java:95)
	at org.testng.TestNG.runSuitesSequentially(TestNG.java:1280)
	at org.testng.TestNG.runSuitesLocally(TestNG.java:1200)
	at org.testng.TestNG.runSuites(TestNG.java:1114)
	at org.testng.TestNG.run(TestNG.java:1082)
	at org.testng.remote.AbstractRemoteTestNG.run(AbstractRemoteTestNG.java:115)
	at org.testng.remote.RemoteTestNG.initAndRun(RemoteTestNG.java:251)
	at org.testng.remote.RemoteTestNG.main(RemoteTestNG.java:77)
</pre></div></td>
<td>10</td>
<td>testCase.TC_001_SearchingCardiologiests@350aac89</td></tr>
</table><p>
<table width='100%' border='1' class='invocation-passed'>
<tr><td colspan='4' align='center'><b>PASSED TESTS</b></td></tr>
<tr><td><b>Test method</b></td>
<td><b>Attribute(s)</b></td>
<td width="30%"><b>Exception</b></td>
<td width="10%"><b>Time (seconds)</b></td>
<td><b>Instance</b></td>
</tr>
<tr>
<td title='testCase.TC_002_CaptureSurgeries.UrologySurgeries()'><b>UrologySurgeries</b><br>Test class: testCase.TC_002_CaptureSurgeries</td>
<td></td>
<td>2</td>
<td>testCase.TC_002_CaptureSurgeries@4b29d1d2</td></tr>
<tr>
<td title='testCase.TC_003_CorporateHealthAndWellness_InvalidDetails.checkingInvalidDetails()'><b>checkingInvalidDetails</b><br>Test class: testCase.TC_003_CorporateHealthAndWellness_InvalidDetails</td>
<td></td>
<td>59</td>
<td>testCase.TC_003_CorporateHealthAndWellness_InvalidDetails@7f485fda</td></tr>
<tr>
<td title='testCase.TC_002_CaptureSurgeries.GeneralSurgeries()'><b>GeneralSurgeries</b><br>Test class: testCase.TC_002_CaptureSurgeries</td>
<td></td>
<td>3</td>
<td>testCase.TC_002_CaptureSurgeries@4b29d1d2</td></tr>
<tr>
<td title='testCase.TC_002_CaptureSurgeries.OrthopedicsSurgeries()'><b>OrthopedicsSurgeries</b><br>Test class: testCase.TC_002_CaptureSurgeries</td>
<td></td>
<td>2</td>
<td>testCase.TC_002_CaptureSurgeries@4b29d1d2</td></tr>
<tr>
<td title='testCase.TC_004_CorporateHealthAndWellness_ValidDetails.checkingValidDetails()'><b>checkingValidDetails</b><br>Test class: testCase.TC_004_CorporateHealthAndWellness_ValidDetails</td>
<td></td>
<td>77</td>
<td>testCase.TC_004_CorporateHealthAndWellness_ValidDetails@28261e8e</td></tr>
<tr>
<td title='testCase.TC_002_CaptureSurgeries.ProctologySurgeries()'><b>ProctologySurgeries</b><br>Test class: testCase.TC_002_CaptureSurgeries</td>
<td></td>
<td>2</td>
<td>testCase.TC_002_CaptureSurgeries@4b29d1d2</td></tr>
<tr>
<td title='testCase.TC_002_CaptureSurgeries.OphthamologySurgeries()'><b>OphthamologySurgeries</b><br>Test class: testCase.TC_002_CaptureSurgeries</td>
<td></td>
<td>2</td>
<td>testCase.TC_002_CaptureSurgeries@4b29d1d2</td></tr>
<tr>
<td title='testCase.TC_002_CaptureSurgeries.CapturePopularSurgeries()'><b>CapturePopularSurgeries</b><br>Test class: testCase.TC_002_CaptureSurgeries</td>
<td></td>
<td>22</td>
<td>testCase.TC_002_CaptureSurgeries@4b29d1d2</td></tr>
<tr>
<td title='testCase.TC_002_CaptureSurgeries.CosmeticSurgeries()'><b>CosmeticSurgeries</b><br>Test class: testCase.TC_002_CaptureSurgeries</td>
<td></td>
<td>1</td>
<td>testCase.TC_002_CaptureSurgeries@4b29d1d2</td></tr>
</table><p>
<table width='100%' border='1' class='invocation-skipped'>
<tr><td colspan='4' align='center'><b>SKIPPED TESTS</b></td></tr>
<tr><td><b>Test method</b></td>
<td><b>Attribute(s)</b></td>
<td width="30%"><b>Exception</b></td>
<td width="10%"><b>Time (seconds)</b></td>
<td><b>Instance</b></td>
</tr>
<tr>
<td title='testCase.TC_001_SearchingCardiologiests.gettingCardiologiests()'><b>gettingCardiologiests</b><br>Test class: testCase.TC_001_SearchingCardiologiests</td>
<td><div><pre>java.lang.Throwable: Method testCase.TC_001_SearchingCardiologiests.gettingCardiologiests() on instance testCase.TC_001_SearchingCardiologiests@350aac89 depends on not successfully finished methods 
[testCase.TC_001_SearchingCardiologiests.SearchingCardiologiests() on instance testCase.TC_001_SearchingCardiologiests@350aac89]
	at java.base/java.util.ArrayList.forEach(ArrayList.java:1511)
... Removed 18 stack frames</pre></div><a href='#' onClick='toggleBox("stack-trace1687702287", this, "Click to show all stack frames", "Click to hide stack frames")'>Click to show all stack frames</a>
<div class='stack-trace' id='stack-trace1687702287'><pre>java.lang.Throwable: Method testCase.TC_001_SearchingCardiologiests.gettingCardiologiests() on instance testCase.TC_001_SearchingCardiologiests@350aac89 depends on not successfully finished methods 
[testCase.TC_001_SearchingCardiologiests.SearchingCardiologiests() on instance testCase.TC_001_SearchingCardiologiests@350aac89]
	at org.testng.internal.invokers.TestInvoker.invokeTestMethods(TestInvoker.java:156)
	at org.testng.internal.invokers.TestMethodWorker.invokeTestMethods(TestMethodWorker.java:148)
	at org.testng.internal.invokers.TestMethodWorker.run(TestMethodWorker.java:128)
	at java.base/java.util.ArrayList.forEach(ArrayList.java:1511)
	at org.testng.TestRunner.privateRun(TestRunner.java:848)
	at org.testng.TestRunner.run(TestRunner.java:621)
	at org.testng.SuiteRunner.runTest(SuiteRunner.java:443)
	at org.testng.SuiteRunner.runSequentially(SuiteRunner.java:437)
	at org.testng.SuiteRunner.privateRun(SuiteRunner.java:397)
	at org.testng.SuiteRunner.run(SuiteRunner.java:336)
	at org.testng.SuiteRunnerWorker.runSuite(SuiteRunnerWorker.java:52)
	at org.testng.SuiteRunnerWorker.run(SuiteRunnerWorker.java:95)
	at org.testng.TestNG.runSuitesSequentially(TestNG.java:1280)
	at org.testng.TestNG.runSuitesLocally(TestNG.java:1200)
	at org.testng.TestNG.runSuites(TestNG.java:1114)
	at org.testng.TestNG.run(TestNG.java:1082)
	at org.testng.remote.AbstractRemoteTestNG.run(AbstractRemoteTestNG.java:115)
	at org.testng.remote.RemoteTestNG.initAndRun(RemoteTestNG.java:251)
	at org.testng.remote.RemoteTestNG.main(RemoteTestNG.java:77)
</pre></div></td>
<td>0</td>
<td>testCase.TC_001_SearchingCardiologiests@350aac89</td></tr>
</table><p>
</body>
</html>